Determining if the function sgemm_ exists failed with the following output:
Change Dir: /home/sunwei/5（复件）/build/CMakeFiles/CMakeTmp

Run Build Command(s):/usr/bin/make cmTC_f5033/fast && /usr/bin/make -f CMakeFiles/cmTC_f5033.dir/build.make CMakeFiles/cmTC_f5033.dir/build
make[1]: 进入目录“/home/sunwei/5（复件）/build/CMakeFiles/CMakeTmp”
Building C object CMakeFiles/cmTC_f5033.dir/CheckFunctionExists.c.o
/usr/bin/cc   -DCHECK_FUNCTION_EXISTS=sgemm_ -fPIE   -o CMakeFiles/cmTC_f5033.dir/CheckFunctionExists.c.o   -c /usr/share/cmake-3.16/Modules/CheckFunctionExists.c
Linking C executable cmTC_f5033
/usr/bin/cmake -E cmake_link_script CMakeFiles/cmTC_f5033.dir/link.txt --verbose=1
/usr/bin/cc  -DCHECK_FUNCTION_EXISTS=sgemm_    CMakeFiles/cmTC_f5033.dir/CheckFunctionExists.c.o  -o cmTC_f5033 
/usr/bin/ld: CMakeFiles/cmTC_f5033.dir/CheckFunctionExists.c.o: in function `main':
CheckFunctionExists.c:(.text+0x10): undefined reference to `sgemm_'
collect2: error: ld returned 1 exit status
make[1]: *** [CMakeFiles/cmTC_f5033.dir/build.make:87：cmTC_f5033] 错误 1
make[1]: 离开目录“/home/sunwei/5（复件）/build/CMakeFiles/CMakeTmp”
make: *** [Makefile:121：cmTC_f5033/fast] 错误 2



Performing C SOURCE FILE Test CMAKE_HAVE_LIBC_PTHREAD failed with the following output:
Change Dir: /home/sunwei/5（复件）/build/CMakeFiles/CMakeTmp

Run Build Command(s):/usr/bin/make cmTC_3dcc5/fast && /usr/bin/make -f CMakeFiles/cmTC_3dcc5.dir/build.make CMakeFiles/cmTC_3dcc5.dir/build
make[1]: 进入目录“/home/sunwei/5（复件）/build/CMakeFiles/CMakeTmp”
Building C object CMakeFiles/cmTC_3dcc5.dir/src.c.o
/usr/bin/cc   -DCMAKE_HAVE_LIBC_PTHREAD -fPIE   -o CMakeFiles/cmTC_3dcc5.dir/src.c.o   -c /home/sunwei/5（复件）/build/CMakeFiles/CMakeTmp/src.c
Linking C executable cmTC_3dcc5
/usr/bin/cmake -E cmake_link_script CMakeFiles/cmTC_3dcc5.dir/link.txt --verbose=1
/usr/bin/cc  -DCMAKE_HAVE_LIBC_PTHREAD    CMakeFiles/cmTC_3dcc5.dir/src.c.o  -o cmTC_3dcc5 
/usr/bin/ld: CMakeFiles/cmTC_3dcc5.dir/src.c.o: in function `main':
src.c:(.text+0x3e): undefined reference to `pthread_create'
/usr/bin/ld: src.c:(.text+0x4a): undefined reference to `pthread_detach'
/usr/bin/ld: src.c:(.text+0x5b): undefined reference to `pthread_join'
collect2: error: ld returned 1 exit status
make[1]: *** [CMakeFiles/cmTC_3dcc5.dir/build.make:87：cmTC_3dcc5] 错误 1
make[1]: 离开目录“/home/sunwei/5（复件）/build/CMakeFiles/CMakeTmp”
make: *** [Makefile:121：cmTC_3dcc5/fast] 错误 2


Source file was:
#include <pthread.h>

void* test_func(void* data)
{
  return data;
}

int main(void)
{
  pthread_t thread;
  pthread_create(&thread, NULL, test_func, NULL);
  pthread_detach(thread);
  pthread_join(thread, NULL);
  pthread_atfork(NULL, NULL, NULL);
  pthread_exit(NULL);

  return 0;
}

Determining if the function pthread_create exists in the pthreads failed with the following output:
Change Dir: /home/sunwei/5（复件）/build/CMakeFiles/CMakeTmp

Run Build Command(s):/usr/bin/make cmTC_e7473/fast && /usr/bin/make -f CMakeFiles/cmTC_e7473.dir/build.make CMakeFiles/cmTC_e7473.dir/build
make[1]: 进入目录“/home/sunwei/5（复件）/build/CMakeFiles/CMakeTmp”
Building C object CMakeFiles/cmTC_e7473.dir/CheckFunctionExists.c.o
/usr/bin/cc   -DCHECK_FUNCTION_EXISTS=pthread_create -fPIE   -o CMakeFiles/cmTC_e7473.dir/CheckFunctionExists.c.o   -c /usr/share/cmake-3.16/Modules/CheckFunctionExists.c
Linking C executable cmTC_e7473
/usr/bin/cmake -E cmake_link_script CMakeFiles/cmTC_e7473.dir/link.txt --verbose=1
/usr/bin/cc  -DCHECK_FUNCTION_EXISTS=pthread_create    CMakeFiles/cmTC_e7473.dir/CheckFunctionExists.c.o  -o cmTC_e7473  -lpthreads 
/usr/bin/ld: 找不到 -lpthreads
collect2: error: ld returned 1 exit status
make[1]: *** [CMakeFiles/cmTC_e7473.dir/build.make:87：cmTC_e7473] 错误 1
make[1]: 离开目录“/home/sunwei/5（复件）/build/CMakeFiles/CMakeTmp”
make: *** [Makefile:121：cmTC_e7473/fast] 错误 2



